INFO 2025-09-11 14:35:24,572 autoreload Watching for file changes with StatReloader
INFO 2025-09-11 14:35:44,782 basehttp "GET /api/teacher-panel/help/ HTTP/1.1" 200 2779
WARNING 2025-09-11 14:35:44,811 basehttp "GET /static/main/help/teacher_edit_delete.png HTTP/1.1" 404 1913
WARNING 2025-09-11 14:35:44,811 basehttp "GET /static/main/help/teacher_question_form.png HTTP/1.1" 404 1919
WARNING 2025-09-11 14:35:44,811 basehttp "GET /static/main/help/teacher_save.png HTTP/1.1" 404 1892
WARNING 2025-09-11 14:35:44,811 basehttp "GET /static/main/help/teacher_add_question.png HTTP/1.1" 404 1916
INFO 2025-09-11 14:35:46,386 basehttp "GET /api/teacher-panel/dashboard/ HTTP/1.1" 200 40100
INFO 2025-09-11 14:35:56,149 basehttp "GET /api/teacher-panel/edit-question/1/ HTTP/1.1" 200 28371
INFO 2025-09-11 14:35:56,164 basehttp "GET /static/teacher_panel/css/formula_panel.css HTTP/1.1" 200 4700
INFO 2025-09-11 14:35:56,164 basehttp "GET /static/teacher_panel/js/formula_panel.js HTTP/1.1" 200 14466
INFO 2025-09-11 14:36:04,774 basehttp "GET /api/teacher-panel/dashboard/ HTTP/1.1" 200 40100
INFO 2025-09-11 14:36:32,589 basehttp "GET /api/teacher-panel/dashboard/ HTTP/1.1" 302 0
INFO 2025-09-11 14:36:32,593 basehttp "GET /api/login/?next=/api/teacher-panel/dashboard/ HTTP/1.1" 200 5079
INFO 2025-09-11 14:36:32,603 basehttp "GET /static/login/login.css HTTP/1.1" 200 9974
INFO 2025-09-11 14:36:32,603 basehttp "GET /static/login/login.js HTTP/1.1" 200 6311
INFO 2025-09-11 14:36:32,622 basehttp "GET /static/main/1.png HTTP/1.1" 304 0
WARNING 2025-09-11 14:36:32,692 log Not Found: /favicon.ico
WARNING 2025-09-11 14:36:32,692 basehttp "GET /favicon.ico HTTP/1.1" 404 3046
INFO 2025-09-11 14:36:50,246 basehttp "POST /api/login/?next=/api/teacher-panel/dashboard/ HTTP/1.1" 302 0
INFO 2025-09-11 14:36:50,255 basehttp "GET /api/controller-panel/dashboard/ HTTP/1.1" 200 20471
INFO 2025-09-11 14:37:01,047 basehttp "GET /api/test-api/all-results/ HTTP/1.1" 200 150421
INFO 2025-09-11 14:37:17,921 basehttp "GET /api/test-api/export-subject/chet-til/pdf/?group=407&semester=1&attempt_nth=1 HTTP/1.1" 200 9418
INFO 2025-09-11 14:37:46,270 basehttp "GET /api/test-api/export-subject/chet-til/pdf/ HTTP/1.1" 200 9671
INFO 2025-09-11 14:38:26,191 basehttp "GET /api/test-api/export-subject/matematika/pdf/?group=407&semester=1&attempt_nth=1 HTTP/1.1" 200 9656
INFO 2025-09-11 14:40:02,726 basehttp "GET /api/test-api/export-subject/chet-til/pdf/?group=407&semester=2&attempt_nth=1 HTTP/1.1" 200 9594
